<?xml version="1.0" encoding="UTF-8"?>
<!-- Generated by org.testng.reporters.JUnitReportReporter -->
<testsuite hostname="LAPTOP-3J444SVE" failures="0" tests="1" name="mortgage_calculator.CalculateMortgageRate" time="16.754" errors="0" timestamp="2021-04-05T22:09:40 EDT" skipped="0">
  <testcase classname="mortgage_calculator.CalculateMortgageRate" name="calculateMortgage" time="16.754"/>
  <system-out/>
</testsuite> <!-- mortgage_calculator.CalculateMortgageRate -->
