<?xml version="1.0" encoding="UTF-8"?>
<!-- Generated by org.testng.reporters.JUnitReportReporter -->
<testsuite hostname="LAPTOP-3J444SVE" failures="0" tests="1" name="api_test.SimpleDeleteTest" time="0.310" errors="0" timestamp="2021-04-05T22:09:40 EDT" skipped="0">
  <testcase classname="api_test.SimpleDeleteTest" name="deleteSingleUser" time="0.310"/>
  <system-out/>
</testsuite> <!-- api_test.SimpleDeleteTest -->
