<?xml version="1.0" encoding="UTF-8"?>
<!-- Generated by org.testng.reporters.JUnitReportReporter -->
<testsuite hostname="LAPTOP-3J444SVE" failures="0" tests="1" name="automation_test.php_travel.PhpTravel" time="6.295" errors="0" timestamp="2021-04-05T22:09:40 EDT" skipped="0">
  <testcase classname="automation_test.php_travel.PhpTravel" name="ValidateTitle" time="6.295"/>
  <system-out/>
</testsuite> <!-- automation_test.php_travel.PhpTravel -->
