<?xml version="1.0" encoding="UTF-8"?>
<!-- Generated by org.testng.reporters.JUnitReportReporter -->
<testsuite hostname="LAPTOP-3J444SVE" failures="0" tests="1" name="mortgage_calculator.CalculateRates" time="10.734" errors="0" timestamp="2021-04-05T22:09:40 EDT" skipped="0">
  <testcase classname="mortgage_calculator.CalculateRates" name="calculateRealApr" time="10.734"/>
  <system-out/>
</testsuite> <!-- mortgage_calculator.CalculateRates -->
