<?xml version="1.0" encoding="UTF-8"?>
<!-- Generated by org.testng.reporters.JUnitReportReporter -->
<testsuite hostname="LAPTOP-3J444SVE" failures="0" tests="2" name="api_test.SimpleGetTest" time="0.241" errors="0" timestamp="2021-04-05T22:09:40 EDT" skipped="0">
  <testcase classname="api_test.SimpleGetTest" name="getAllUsers" time="0.151"/>
  <system-out/>
  <testcase classname="api_test.SimpleGetTest" name="attemptToGetUserWithInvalidId" time="0.090"/>
  <system-out/>
</testsuite> <!-- api_test.SimpleGetTest -->
